#
# An unexpected error has been detected by Java Runtime Environment:
#
#  EXCEPTION_ACCESS_VIOLATION (0xc0000005) at pc=0x00000000794b5c00, pid=992, tid=1724
#
# Java VM: Java HotSpot(TM) 64-Bit Server VM (11.2-b01 mixed mode windows-amd64)
# Problematic frame:
# C  [hg.dll+0x3d5c00]
#
# If you would like to submit a bug report, please visit:
#   http://java.sun.com/webapps/bugreport/crash.jsp
# The crash happened outside the Java Virtual Machine in native code.
# See problematic frame for where to report the bug.
#

---------------  T H R E A D  ---------------

Current thread (0x0000000001be3400):  JavaThread "main" [_thread_in_native, id=1724, stack(0x0000000000140000,0x0000000001140000)]

siginfo: ExceptionCode=0xc0000005, reading address 0x00000000398b8cc8

Registers:
EAX=0x0000000000000001, EBX=0x00000000398b8cc0, ECX=0x00000000398b8cc0, EDX=0x0000000000000003
ESP=0x0000000001139658, EBP=0x00000000398b8cc0, ESI=0x00000000397e1d00, EDI=0x00000000397e1c00
EIP=0x00000000794b5c00, EFLAGS=0x0000000000010206

Top of Stack: (sp=0x0000000001139658)
0x0000000001139658:   00000000794a9e4b 00000000397e1c00
0x0000000001139668:   0000000000000000 000000003fb8a248
0x0000000001139678:   0000000000000000 0000000000000001
0x0000000001139688:   00000000793cda9b 0000000000000000
0x0000000001139698:   0000000000000001 00000000397e1c00
0x00000000011396a8:   000000007941e7ce 0000000000000000
0x00000000011396b8:   0000000000000000 000000003fb8a248
0x00000000011396c8:   0000000000000000 0000000000000000
0x00000000011396d8:   00000000793e27ae 0000000000000000
0x00000000011396e8:   00000000047f9a40 0000000000000001
0x00000000011396f8:   000000002e5b6968 00000000398b8cc0
0x0000000001139708:   000000007a56cc5e 00000000047f9a40
0x0000000001139718:   0000000000000020 0000000000000002
0x0000000001139728:   000000007cfeaf88 00000000047f9a30
0x0000000001139738:   00000000309efd10 00000000398cdf40
0x0000000001139748:   00000000309efd10 fffffffffffffffe 

Instructions: (pc=0x00000000794b5c00)
0x00000000794b5bf0:   89 11 c3 cc cc cc cc cc cc cc cc cc cc cc cc cc
0x00000000794b5c00:   f2 0f 10 41 08 c3 cc cc cc cc cc cc cc cc cc cc 


Stack: [0x0000000000140000,0x0000000001140000],  sp=0x0000000001139658,  free space=16357k
Native frames: (J=compiled Java code, j=interpreted, Vv=VM code, C=native code)
C  [hg.dll+0x3d5c00]

[error occurred during error reporting (printing native stack), id 0xc0000005]

Java frames: (J=compiled Java code, j=interpreted, Vv=VM code)
j  com.mathworks.jmi.NativeMatlab.SendMatlabMessage(Ljava/lang/Object;)Ljava/lang/Object;+0
j  com.mathworks.jmi.NativeMatlab.sendMatlabMessage(Ljava/lang/Object;)Ljava/lang/Object;+22
j  com.mathworks.jmi.MatlabLooper.sendMatlabMessage(Lcom/mathworks/services/message/MWMessage;)Ljava/lang/Object;+20
j  com.mathworks.jmi.Matlab.mtFevalConsoleOutput(Ljava/lang/String;[Ljava/lang/Object;I)Ljava/lang/Object;+58
j  com.mathworks.mde.desk.MLDesktop$9.run()V+14
j  com.mathworks.jmi.NativeMatlab.dispatchMTRequests(Z)V+50
v  ~StubRoutines::call_stub

---------------  P R O C E S S  ---------------

Java Threads: ( => current thread )
  0x0000000001bea800 JavaThread "Timer-4" [_thread_blocked, id=4092, stack(0x0000000004eb0000,0x0000000004f30000)]
  0x000000002bf83800 JavaThread "Foxtrot Single Worker Thread #1" daemon [_thread_blocked, id=1420, stack(0x0000000035460000,0x00000000354e0000)]
  0x000000002bf84400 JavaThread "Thread-28" [_thread_blocked, id=3300, stack(0x00000000351e0000,0x0000000035260000)]
  0x000000002bf82800 JavaThread "Prefs Updater" daemon [_thread_blocked, id=1748, stack(0x00000000350e0000,0x0000000035160000)]
  0x000000002bf82000 JavaThread "Thread-12" [_thread_blocked, id=2192, stack(0x000000002d1a0000,0x000000002d220000)]
  0x000000002ab3c800 JavaThread "Thread-11" [_thread_blocked, id=2272, stack(0x000000002d120000,0x000000002d1a0000)]
  0x000000002ab3c400 JavaThread "Thread-10" [_thread_blocked, id=3668, stack(0x000000002d0a0000,0x000000002d120000)]
  0x000000002ab3bc00 JavaThread "Thread-9" [_thread_blocked, id=3156, stack(0x000000002d020000,0x000000002d0a0000)]
  0x000000002ab3b400 JavaThread "Thread-8" [_thread_blocked, id=2244, stack(0x000000002cfa0000,0x000000002d020000)]
  0x000000002ab3ac00 JavaThread "Thread-7" [_thread_blocked, id=2776, stack(0x000000002cf00000,0x000000002cf80000)]
  0x000000002ab3a800 JavaThread "Active Reference Queue Daemon" daemon [_thread_blocked, id=2052, stack(0x000000002ce60000,0x000000002cee0000)]
  0x000000002ab3a000 JavaThread "Timer-2" daemon [_thread_blocked, id=2484, stack(0x000000002cde0000,0x000000002ce60000)]
  0x000000002ab39800 JavaThread "FelixPackageAdmin" daemon [_thread_blocked, id=2764, stack(0x000000002cd60000,0x000000002cde0000)]
  0x000000002ab39000 JavaThread "FelixStartLevel" daemon [_thread_blocked, id=3500, stack(0x000000002cce0000,0x000000002cd60000)]
  0x000000002ab38c00 JavaThread "FelixDispatchQueue" [_thread_blocked, id=2396, stack(0x000000002cc60000,0x000000002cce0000)]
  0x000000002ab38400 JavaThread "Timer-1" daemon [_thread_blocked, id=2172, stack(0x000000002cbe0000,0x000000002cc60000)]
  0x000000002ab36000 JavaThread "TimerQueue" daemon [_thread_blocked, id=3568, stack(0x000000002cac0000,0x000000002cb40000)]
  0x000000002ab35000 JavaThread "AWT-EventQueue-0" [_thread_blocked, id=1548, stack(0x000000002ca30000,0x000000002cab0000)]
  0x0000000001be8c00 JavaThread "Timer-0" [_thread_blocked, id=3232, stack(0x000000002ad20000,0x000000002ada0000)]
  0x0000000001be8400 JavaThread "AWT-Windows" daemon [_thread_in_native, id=3772, stack(0x000000002ac90000,0x000000002ad10000)]
  0x0000000001be7c00 JavaThread "AWT-Shutdown" [_thread_blocked, id=3656, stack(0x000000002ac10000,0x000000002ac90000)]
  0x0000000001be7400 JavaThread "Java2D Disposer" daemon [_thread_blocked, id=1112, stack(0x000000002ab90000,0x000000002ac10000)]
  0x0000000001be7000 JavaThread "JMI Unnamed Thread" [_thread_in_native, id=2372, stack(0x0000000006e90000,0x0000000007e90000)]
  0x0000000001be6000 JavaThread "Low Memory Detector" daemon [_thread_blocked, id=1572, stack(0x0000000029710000,0x0000000029790000)]
  0x0000000001be5800 JavaThread "CompilerThread1" daemon [_thread_blocked, id=2632, stack(0x0000000028710000,0x0000000029710000)]
  0x0000000001be5000 JavaThread "CompilerThread0" daemon [_thread_blocked, id=2264, stack(0x0000000027710000,0x0000000028710000)]
  0x0000000001be4c00 JavaThread "Attach Listener" daemon [_thread_blocked, id=3456, stack(0x0000000026480000,0x0000000026500000)]
  0x0000000001be4400 JavaThread "Finalizer" daemon [_thread_blocked, id=1684, stack(0x0000000026400000,0x0000000026480000)]
  0x0000000001be3c00 JavaThread "Reference Handler" daemon [_thread_blocked, id=964, stack(0x0000000026380000,0x0000000026400000)]
=>0x0000000001be3400 JavaThread "main" [_thread_in_native, id=1724, stack(0x0000000000140000,0x0000000001140000)]

Other Threads:
  0x0000000026605c00 VMThread [stack: 0x0000000026710000,0x0000000027710000] [id=3468]
  0x0000000026606000 WatcherThread [stack: 0x0000000029790000,0x000000002a790000] [id=2856]

VM state:not at safepoint (normal execution)

VM Mutex/Monitor currently owned by a thread: None

Heap
 PSYoungGen      total 15680K, used 12468K [0x000000001f190000, 0x0000000020190000, 0x0000000022290000)
  eden space 14976K, 81% used [0x000000001f190000,0x000000001fd85260,0x0000000020030000)
  from space 704K, 31% used [0x0000000020030000,0x0000000020068000,0x00000000200e0000)
  to   space 640K, 0% used [0x00000000200f0000,0x00000000200f0000,0x0000000020190000)
 PSOldGen        total 93888K, used 66836K [0x0000000015e90000, 0x000000001ba40000, 0x000000001f190000)
  object space 93888K, 71% used [0x0000000015e90000,0x0000000019fd50f0,0x000000001ba40000)
 PSPermGen       total 95296K, used 52166K [0x000000000de90000, 0x0000000013ba0000, 0x0000000015e90000)
  object space 95296K, 54% used [0x000000000de90000,0x0000000011181bd8,0x0000000013ba0000)

Dynamic libraries:
0x0000000140000000 - 0x0000000140038000 	C:\Program Files\MATLAB\R2009b\bin\win64\matlab.exe
0x0000000077ec0000 - 0x0000000077ffc000 	C:\WINDOWS\system32\ntdll.dll
0x0000000077d40000 - 0x0000000077eb3000 	C:\WINDOWS\system32\kernel32.dll
0x000000007cdb0000 - 0x000000007ceb9000 	C:\Program Files\MATLAB\R2009b\bin\win64\libut.dll
0x000007ff7e470000 - 0x000007ff7e483000 	C:\WINDOWS\system32\imagehlp.dll
0x000007ff7fc00000 - 0x000007ff7fc86000 	C:\WINDOWS\system32\msvcrt.dll
0x000007ff7e380000 - 0x000007ff7e390000 	C:\WINDOWS\system32\PSAPI.DLL
0x000000007d620000 - 0x000000007d648000 	C:\Program Files\MATLAB\R2009b\bin\win64\LIBEXPAT.dll
0x0000000078130000 - 0x00000000781f9000 	C:\WINDOWS\WinSxS\amd64_Microsoft.VC80.CRT_1fc8b3b9a1e18e3b_8.0.50727.3053_x-ww_EA198EAA\MSVCR80.dll
0x000000007d320000 - 0x000000007d44c000 	C:\Program Files\MATLAB\R2009b\bin\win64\icuuc40.dll
0x000007ff7fee0000 - 0x000007ff7ffe6000 	C:\WINDOWS\system32\ADVAPI32.dll
0x000007ff7fd30000 - 0x000007ff7fed0000 	C:\WINDOWS\system32\RPCRT4.dll
0x000007ff7e9c0000 - 0x000007ff7e9e2000 	C:\WINDOWS\system32\Secur32.dll
0x000000007c760000 - 0x000000007c763000 	C:\Program Files\MATLAB\R2009b\bin\win64\icudt40.dll
0x000000007c770000 - 0x000000007c780000 	C:\Program Files\MATLAB\R2009b\bin\win64\icuio40.dll
0x000000007ca60000 - 0x000000007cbb3000 	C:\Program Files\MATLAB\R2009b\bin\win64\icuin40.dll
0x000000007c420000 - 0x000000007c529000 	C:\WINDOWS\WinSxS\amd64_Microsoft.VC80.CRT_1fc8b3b9a1e18e3b_8.0.50727.3053_x-ww_EA198EAA\MSVCP80.dll
0x0000000077c20000 - 0x0000000077d2c000 	C:\WINDOWS\system32\USER32.dll
0x000007ff7fc90000 - 0x000007ff7fd2c000 	C:\WINDOWS\system32\GDI32.dll
0x0000000078820000 - 0x0000000078890000 	C:\Program Files\MATLAB\R2009b\bin\win64\libmwfl.dll
0x000000007e820000 - 0x000000007e82f000 	C:\Program Files\MATLAB\R2009b\bin\win64\boost_date_time-vc80-mt-1_36.dll
0x000000007e800000 - 0x000000007e816000 	C:\Program Files\MATLAB\R2009b\bin\win64\boost_signals-vc80-mt-1_36.dll
0x000000007dae0000 - 0x000000007dae9000 	C:\Program Files\MATLAB\R2009b\bin\win64\boost_system-vc80-mt-1_36.dll
0x000000007c740000 - 0x000000007c751000 	C:\Program Files\MATLAB\R2009b\bin\win64\boost_thread-vc80-mt-1_36.dll
0x000000007cf70000 - 0x000000007d1e1000 	C:\Program Files\MATLAB\R2009b\bin\win64\libmwservices.dll
0x000000007cec0000 - 0x000000007cf6f000 	C:\Program Files\MATLAB\R2009b\bin\win64\libmx.dll
0x0000000079070000 - 0x0000000079087000 	C:\Program Files\MATLAB\R2009b\bin\win64\zlib1.dll
0x000000007d1f0000 - 0x000000007d318000 	C:\Program Files\MATLAB\R2009b\bin\win64\libmwmathutil.dll
0x000000007a660000 - 0x000000007a6b8000 	C:\Program Files\MATLAB\R2009b\bin\win64\mpath.dll
0x000000007d650000 - 0x000000007d6a1000 	C:\Program Files\MATLAB\R2009b\bin\win64\mlutil.dll
0x00000000787b0000 - 0x00000000787ee000 	C:\Program Files\MATLAB\R2009b\bin\win64\tbb.dll
0x000007ff76200000 - 0x000007ff762ef000 	C:\WINDOWS\WinSxS\amd64_Microsoft.Windows.Common-Controls_6595b64144ccf1df_5.82.3790.4770_x-ww_D89390E2\COMCTL32.dll
0x000007ff7d540000 - 0x000007ff7d5b7000 	C:\WINDOWS\system32\comdlg32.dll
0x000007ff7ef60000 - 0x000007ff7effb000 	C:\WINDOWS\system32\SHLWAPI.dll
0x000007ff7f190000 - 0x000007ff7fb9c000 	C:\WINDOWS\system32\SHELL32.dll
0x000007ff77370000 - 0x000007ff77409000 	C:\WINDOWS\system32\NETAPI32.dll
0x000007ff77310000 - 0x000007ff77340000 	C:\WINDOWS\system32\WS2_32.dll
0x000007ff77140000 - 0x000007ff7714c000 	C:\WINDOWS\system32\WS2HELP.dll
0x000000007eaa0000 - 0x000000007eabd000 	C:\Program Files\MATLAB\R2009b\bin\win64\boost_filesystem-vc80-mt-1_36.dll
0x000000007acf0000 - 0x000000007ad87000 	C:\Program Files\MATLAB\R2009b\bin\win64\mcr.dll
0x000000007c780000 - 0x000000007c80c000 	C:\Program Files\MATLAB\R2009b\bin\win64\iqm.dll
0x000000007b440000 - 0x000000007bd40000 	C:\Program Files\MATLAB\R2009b\bin\win64\m_interpreter.dll
0x000000007c830000 - 0x000000007c840000 	C:\Program Files\MATLAB\R2009b\bin\win64\libmex.dll
0x000000007ab60000 - 0x000000007ac0b000 	C:\Program Files\MATLAB\R2009b\bin\win64\m_dispatcher.dll
0x000000007e720000 - 0x000000007e7ac000 	C:\Program Files\MATLAB\R2009b\bin\win64\xmlcore.dll
0x000000007a020000 - 0x000000007a2b5000 	C:\Program Files\MATLAB\R2009b\bin\win64\xerces-c_2_7.dll
0x000000007e980000 - 0x000000007ea71000 	C:\Program Files\MATLAB\R2009b\bin\win64\boost_regex-vc80-mt-1_36.dll
0x000000007aa00000 - 0x000000007aa91000 	C:\Program Files\MATLAB\R2009b\bin\win64\profiler.dll
0x000000007c8b0000 - 0x000000007c8da000 	C:\Program Files\MATLAB\R2009b\bin\win64\libmwmathrng.dll
0x0000000078fd0000 - 0x0000000078fea000 	C:\Program Files\MATLAB\R2009b\bin\win64\m_pcodeio.dll
0x000000007a610000 - 0x000000007a65d000 	C:\Program Files\MATLAB\R2009b\bin\win64\m_ir.dll
0x000000007ae40000 - 0x000000007b433000 	C:\Program Files\MATLAB\R2009b\bin\win64\m_parser.dll
0x000000007c810000 - 0x000000007c824000 	C:\Program Files\MATLAB\R2009b\bin\win64\ir_xfmr.dll
0x0000000078890000 - 0x0000000078b39000 	C:\Program Files\MATLAB\R2009b\bin\win64\mcos.dll
0x000000007c8f0000 - 0x000000007c8fc000 	C:\Program Files\MATLAB\R2009b\bin\win64\mtok.dll
0x0000000078fb0000 - 0x0000000078fd0000 	C:\Program Files\MATLAB\R2009b\bin\win64\m_pcodegen.dll
0x000007ff724e0000 - 0x000007ff7261e000 	C:\WINDOWS\system32\dbghelp.dll
0x000007ff7fbf0000 - 0x000007ff7fbfb000 	C:\WINDOWS\system32\VERSION.dll
0x0000000078ec0000 - 0x0000000078ee4000 	C:\Program Files\MATLAB\R2009b\bin\win64\bridge.dll
0x0000000001570000 - 0x0000000001630000 	C:\Program Files\MATLAB\R2009b\bin\win64\udd.dll
0x000000007d450000 - 0x000000007d59d000 	C:\Program Files\MATLAB\R2009b\bin\win64\libmwgui.dll
0x00000000790e0000 - 0x000000007980b000 	C:\Program Files\MATLAB\R2009b\bin\win64\hg.dll
0x0000000078ef0000 - 0x0000000078f2c000 	C:\Program Files\MATLAB\R2009b\bin\win64\libmat.dll
0x000000007cbc0000 - 0x000000007cdae000 	C:\Program Files\MATLAB\R2009b\bin\win64\libhdf5.dll
0x000000007a550000 - 0x000000007a5af000 	C:\Program Files\MATLAB\R2009b\bin\win64\jmi.dll
0x000000007a490000 - 0x000000007a4d0000 	C:\Program Files\MATLAB\R2009b\bin\win64\libmwhardcopy.dll
0x000000007a5b0000 - 0x000000007a60a000 	C:\Program Files\MATLAB\R2009b\bin\win64\libuij.dll
0x0000000078680000 - 0x00000000787ab000 	C:\Program Files\MATLAB\R2009b\bin\win64\hgdatatypes.dll
0x0000000078630000 - 0x000000007867b000 	C:\Program Files\MATLAB\R2009b\bin\win64\hgutils.dll
0x0000000078f30000 - 0x0000000078fa5000 	C:\Program Files\MATLAB\R2009b\bin\win64\libmwlapack.dll
0x000000007c850000 - 0x000000007c863000 	C:\Program Files\MATLAB\R2009b\bin\win64\libmwbinder.dll
0x00000000016f0000 - 0x000000000199e000 	C:\Program Files\MATLAB\R2009b\bin\win64\uiw.dll
0x000000007c930000 - 0x000000007c93a000 	C:\Program Files\MATLAB\R2009b\bin\win64\uinone.dll
0x00000000019c0000 - 0x0000000001b5b000 	C:\WINDOWS\WinSxS\amd64_Microsoft.VC80.MFC_1fc8b3b9a1e18e3b_8.0.50727.762_x-ww_6E02DFE5\MFC80.DLL
0x000007ff78f10000 - 0x000007ff78f51000 	C:\WINDOWS\system32\WINSPOOL.DRV
0x000007ff57140000 - 0x000007ff573c5000 	C:\WINDOWS\system32\ole32.dll
0x000007ff7ebc0000 - 0x000007ff7ecd6000 	C:\WINDOWS\system32\OLEAUT32.dll
0x000000007ad90000 - 0x000000007ae3f000 	C:\Program Files\MATLAB\R2009b\bin\win64\udd_mi.dll
0x0000000078ff0000 - 0x0000000079008000 	C:\Program Files\MATLAB\R2009b\bin\win64\mwoles05.DLL
0x000000007a990000 - 0x000000007a9fa000 	C:\Program Files\MATLAB\R2009b\bin\win64\comcli.dll
0x000000007c630000 - 0x000000007c64f000 	C:\WINDOWS\WinSxS\amd64_Microsoft.VC80.ATL_1fc8b3b9a1e18e3b_8.0.50727.762_x-ww_FDBC5A54\ATL80.DLL
0x000000007c8e0000 - 0x000000007c8ee000 	C:\Program Files\MATLAB\R2009b\bin\win64\mlautoregister.dll
0x000007ff7f000000 - 0x000007ff7f187000 	C:\WINDOWS\WinSxS\amd64_Microsoft.Windows.Common-Controls_6595b64144ccf1df_6.0.3790.4770_x-ww_3807D667\comctl32.dll
0x000000005d360000 - 0x000000005d36d000 	C:\WINDOWS\WinSxS\amd64_Microsoft.VC80.MFCLOC_1fc8b3b9a1e18e3b_8.0.50727.762_x-ww_C351F8E3\MFC80ENU.DLL
0x000007ff77230000 - 0x000007ff772af000 	C:\WINDOWS\system32\uxtheme.dll
0x000007ff57040000 - 0x000007ff57071000 	C:\WINDOWS\system32\iphlpapi.dll
0x000007ff799e0000 - 0x000007ff799e4000 	C:\WINDOWS\system32\icmp.Dll
0x000000006d7f0000 - 0x000000006dda8000 	C:\Program Files\MATLAB\R2009b\sys\java\jre\win64\jre\bin\server\jvm.dll
0x000007ff7e240000 - 0x000007ff7e290000 	C:\WINDOWS\system32\WINMM.dll
0x000000007ab10000 - 0x000000007ab1a000 	C:\Program Files\MATLAB\R2009b\sys\java\jre\win64\jre\bin\hpi.dll
0x000000007ab30000 - 0x000000007ab3e000 	C:\Program Files\MATLAB\R2009b\sys\java\jre\win64\jre\bin\verify.dll
0x0000000079090000 - 0x00000000790b7000 	C:\Program Files\MATLAB\R2009b\sys\java\jre\win64\jre\bin\java.dll
0x000000007ab40000 - 0x000000007ab52000 	C:\Program Files\MATLAB\R2009b\sys\java\jre\win64\jre\bin\zip.dll
0x000000007a2c0000 - 0x000000007a482000 	C:\Program Files\MATLAB\R2009b\sys\java\jre\win64\jre\bin\awt.dll
0x000007ff7d500000 - 0x000007ff7d539000 	C:\WINDOWS\system32\IMM32.dll
0x0000000079010000 - 0x0000000079032000 	C:\Program Files\MATLAB\R2009b\bin\win64\nativejava.dll
0x0000000079040000 - 0x000000007906b000 	C:\Program Files\MATLAB\R2009b\bin\win64\nativejmi.dll
0x000000007c920000 - 0x000000007c927000 	C:\Program Files\MATLAB\R2009b\bin\win64\nativeservices.dll
0x000000007ac10000 - 0x000000007ac7b000 	C:\Program Files\MATLAB\R2009b\sys\java\jre\win64\jre\bin\fontmanager.dll
0x00000000790c0000 - 0x00000000790d7000 	C:\Program Files\MATLAB\R2009b\sys\java\jre\win64\jre\bin\net.dll
0x000000007ab20000 - 0x000000007ab2b000 	C:\Program Files\MATLAB\R2009b\sys\java\jre\win64\jre\bin\nio.dll
0x0000000068000000 - 0x000000006804c000 	C:\WINDOWS\system32\rsaenh.dll
0x000007ff7c680000 - 0x000007ff7c78a000 	C:\WINDOWS\system32\USERENV.dll
0x000007ff771b0000 - 0x000007ff7722d000 	C:\WINDOWS\System32\mswsock.dll
0x000007ff7e8f0000 - 0x000007ff7e93e000 	C:\WINDOWS\system32\DNSAPI.dll
0x000007ff7e9f0000 - 0x000007ff7e9fb000 	C:\WINDOWS\System32\winrnr.dll
0x000007ff7e950000 - 0x000007ff7e9b6000 	C:\WINDOWS\system32\WLDAP32.dll
0x000007ff7ea00000 - 0x000007ff7ea07000 	C:\WINDOWS\system32\rasadhlp.dll
0x0000000078300000 - 0x000000007830a000 	C:\Program Files\MATLAB\R2009b\bin\win64\nativelmgr.dll
0x000000007d9c0000 - 0x000000007d9f5000 	C:\Program Files\MATLAB\R2009b\sys\java\jre\win64\jre\bin\jpeg.dll
0x0000000078310000 - 0x00000000784b4000 	C:\Program Files\MATLAB\R2009b\bin\win64\instutil.dll
0x000000007c900000 - 0x000000007c90b000 	C:\Program Files\MATLAB\R2009b\bin\win64\nativecmdwin.dll
0x000000007d6f0000 - 0x000000007d6f9000 	C:\Program Files\MATLAB\R2009b\bin\win64\nativemlint.dll
0x000000007dff0000 - 0x000000007e059000 	C:\Program Files\MATLAB\R2009b\bin\win64\mlint.dll
0x000000007c910000 - 0x000000007c918000 	C:\Program Files\MATLAB\R2009b\bin\win64\nativelex.dll
0x000000007a520000 - 0x000000007a548000 	C:\Program Files\MATLAB\R2009b\sys\java\jre\win64\jre\bin\dcpr.dll
0x000007ff51d40000 - 0x000007ff51e1b000 	C:\WINDOWS\system32\spool\DRIVERS\x64\3\unidrvui.dll
0x00000000787f0000 - 0x0000000078804000 	C:\Program Files\MATLAB\R2009b\bin\win64\tbbmalloc.dll
0x00000000798c0000 - 0x0000000079f1e000 	C:\Program Files\MATLAB\R2009b\bin\win64\libmwmathelem.dll
0x0000000079810000 - 0x00000000798bb000 	C:\Program Files\MATLAB\R2009b\bin\win64\libmwmathcore.dll
0x000000007aaa0000 - 0x000000007ab02000 	C:\Program Files\MATLAB\R2009b\bin\win64\libmwcholmod.dll
0x000000007c840000 - 0x000000007c84d000 	C:\Program Files\MATLAB\R2009b\bin\win64\libmwamd.dll
0x000000007c890000 - 0x000000007c89c000 	C:\Program Files\MATLAB\R2009b\bin\win64\libmwcolamd.dll
0x000000007c870000 - 0x000000007c885000 	C:\Program Files\MATLAB\R2009b\bin\win64\libmwblas.dll
0x0000000078b40000 - 0x0000000078eb8000 	C:\Program Files\MATLAB\R2009b\bin\win64\libmwbuiltins.dll
0x00000000785a0000 - 0x0000000078626000 	C:\Program Files\MATLAB\R2009b\bin\win64\hgbuiltins.dll
0x0000000079f20000 - 0x000000007a01d000 	C:\Program Files\MATLAB\R2009b\bin\win64\libmwmathlinalg.dll
0x00000000302f0000 - 0x0000000030317000 	C:\Program Files\MATLAB\R2009b\bin\win64\libmwspqr.dll

VM Arguments:
jvm_args: -Xss512k -XX:PermSize=32m -Xms64m -XX:NewRatio=3 -XX:MaxPermSize=128m -Xmx196m -XX:MaxDirectMemorySize=2147400000 -Dsun.java2d.noddraw=true -Dsun.awt.nopixfmt=true -Xshare:off -Xrs -Djava.library.path=C:\Program Files\MATLAB\R2009b\bin\win64 vfprintf abort 
java_command: <unknown>
Launcher Type: generic

Environment Variables:
CLASSPATH=.;C:\Program Files (x86)\Java\jre6\lib\ext\QTJava.zip
PATH=C:\Documents and Settings\Administrator\Local Settings\Application Data\Google\Chrome\Application;C:\WINDOWS\system32;C:\WINDOWS;C:\WINDOWS\System32\Wbem;C:\Program Files (x86)\Common Files\Roxio Shared\DLLShared\;C:\Program Files (x86)\Common Files\Roxio Shared\9.0\DLLShared\;C:\Program Files\MATLAB\R2009b\bin;C:\Program Files\MATLAB\R2008b\bin;C:\Program Files\MATLAB\R2008b\bin\win64;C:\Program Files (x86)\Common Files\Acronis\SnapAPI\;C:\Program Files (x86)\QuickTime\QTSystem;C:\ArcGIS\arcexe9x\bin
USERNAME=Administrator
OS=Windows_NT
PROCESSOR_IDENTIFIER=EM64T Family 6 Model 23 Stepping 7, GenuineIntel



---------------  S Y S T E M  ---------------

OS: Windows Server 2003 family Build 3790 Service Pack 2

CPU:total 4 (4 cores per cpu, 1 threads per core) family 6 model 7 stepping 7, cmov, cx8, fxsr, mmx, sse, sse2, sse3, ssse3

Memory: 4k page, physical 4126028k(2641040k free), swap 5971316k(4902324k free)

vm_info: Java HotSpot(TM) 64-Bit Server VM (11.2-b01) for windows-amd64 JRE (1.6.0_12-b04), built on Jan 17 2009 01:49:05 by "java_re" with MS VC++ 8.0

time: Mon Apr 11 15:06:18 2011
elapsed time: 4565 seconds

